Drill report for /home/bminch/Documents/KiCad/oscope4/oscope.kicad_pcb
Created on Tue 15 Jun 2021 08:39:40 PM EDT

Copper Layer Stackup:
    =============================================================
    L1 :  F.Cu                      front
    L2 :  In1.Cu                    in1
    L3 :  In2.Cu                    in2
    L4 :  B.Cu                      back


Drill file 'oscope.drl' contains
    plated through holes:
    =============================================================
    T1  0.305mm  0.0120"  (130 holes)
    T2  0.560mm  0.0220"  (2 holes)  (with 2 slots)
    T3  0.720mm  0.0283"  (2 holes)  (with 2 slots)
    T4  1.000mm  0.0394"  (16 holes)

    Total plated holes count 150


Not plated through holes are merged with plated holes
    unplated through holes:
    =============================================================

    Total unplated holes count 0
